2025-11-12 23:54:57,804 - __main__ - INFO - 开始生成AI增强版报告...
2025-11-12 23:54:57,832 - __main__ - ERROR - AI报告生成异常: ' font-family'
2025-11-12 23:54:57,832 - __main__ - ERROR - 无法生成AI报告
2025-11-12 23:59:12,088 - __main__ - INFO - 开始生成AI增强版报告...
2025-11-12 23:59:12,113 - __main__ - INFO - ✅ AI增强版报告生成完成，包含0个智能推荐
2025-11-12 23:59:12,114 - __main__ - ERROR - ❌ 邮件配置不完整，请检查邮箱设置
2025-11-12 23:59:28,158 - __main__ - INFO - 开始生成AI增强版报告...
2025-11-12 23:59:28,182 - __main__ - INFO - ✅ AI增强版报告生成完成，包含0个智能推荐
2025-11-12 23:59:28,182 - __main__ - ERROR - ❌ 邮件配置不完整，请检查邮箱设置
2025-11-12 23:59:37,188 - __main__ - INFO - 开始生成AI增强版报告...
2025-11-12 23:59:37,215 - __main__ - INFO - ✅ AI增强版报告生成完成，包含0个智能推荐
2025-11-12 23:59:37,216 - __main__ - ERROR - ❌ 邮件配置不完整，请检查邮箱设置
2025-11-13 00:00:23,209 - __main__ - INFO - 开始生成AI增强版报告...
2025-11-13 00:00:23,219 - __main__ - INFO - ✅ AI增强版报告生成完成，包含0个智能推荐
2025-11-13 00:00:23,219 - __main__ - ERROR - ❌ 邮件配置不完整，请检查邮箱设置
2025-11-13 00:00:45,113 - __main__ - INFO - 开始生成AI增强版报告...
2025-11-13 00:00:45,120 - __main__ - INFO - ✅ AI增强版报告生成完成，包含0个智能推荐
2025-11-13 00:00:45,121 - __main__ - INFO - 正在发送邮件到 1249510763@qq.com...
2025-11-13 00:00:47,005 - __main__ - ERROR - ❌ 邮件发送失败: (-1, b'\x00\x00\x00')
2025-11-13 00:02:51,087 - __main__ - INFO - 开始生成AI增强版报告...
2025-11-13 00:02:51,095 - __main__ - INFO - ✅ AI增强版报告生成完成，包含0个智能推荐
2025-11-13 00:02:51,095 - __main__ - INFO - 正在发送邮件到 1249510763@qq.com...
2025-11-13 00:02:52,545 - __main__ - INFO - ✅ 邮件发送成功: 🤖 AI热点分析 11月13日 - 智能新闻洞察
2025-11-13 00:02:52,547 - __main__ - INFO - 📁 本地副本已保存: output\ai_emails\ai_report_20251113_000251.html
2025-11-13 00:38:05,774 - __main__ - INFO - 开始生成AI增强版报告...
2025-11-13 00:38:05,781 - __main__ - INFO - ✅ AI增强版报告生成完成，包含0个智能推荐
2025-11-13 00:38:05,781 - __main__ - ERROR - ❌ 邮件配置不完整，请检查邮箱设置
2025-11-13 00:39:56,259 - __main__ - INFO - 开始生成AI增强版报告...
2025-11-13 00:39:56,268 - __main__ - INFO - ✅ AI增强版报告生成完成，包含0个智能推荐
2025-11-13 00:39:56,269 - __main__ - INFO - 正在发送邮件到 1249510763@qq.com...
2025-11-13 00:40:26,523 - __main__ - ERROR - ❌ 邮件发送失败: Connection unexpectedly closed
2025-11-13 00:40:56,130 - __main__ - INFO - 开始生成AI增强版报告...
2025-11-13 00:40:56,137 - __main__ - INFO - ✅ AI增强版报告生成完成，包含0个智能推荐
2025-11-13 00:40:56,137 - __main__ - INFO - 正在发送邮件到 1249510763@qq.com...
2025-11-13 00:40:57,409 - __main__ - INFO - ✅ 邮件发送成功: 🤖 AI热点分析 11月13日 - 智能新闻洞察
2025-11-13 00:40:57,411 - __main__ - INFO - 📁 本地副本已保存: output\ai_emails\ai_report_20251113_004056.html
2025-11-13 00:55:30,300 - __main__ - INFO - 开始生成AI增强版报告...
2025-11-13 00:55:30,308 - __main__ - INFO - ✅ AI增强版报告生成完成，包含0个智能推荐
2025-11-13 00:55:30,308 - __main__ - INFO - 正在发送邮件到 1249510763@qq.com...
2025-11-13 00:55:31,897 - __main__ - INFO - ✅ 邮件发送成功: 🤖 AI热点分析 11月13日 - 智能新闻洞察
2025-11-13 00:55:31,900 - __main__ - INFO - 📁 本地副本已保存: output\ai_emails\ai_report_20251113_005530.html
